#
# There is insufficient memory for the Java Runtime Environment to continue.
# Native memory allocation (mmap) failed to map 65536 bytes for Failed to commit metaspace.
# Possible reasons:
#   The system is out of physical RAM or swap space
#   The process is running with CompressedOops enabled, and the Java Heap may be blocking the growth of the native heap
# Possible solutions:
#   Reduce memory load on the system
#   Increase physical memory or swap space
#   Check if swap backing store is full
#   Decrease Java heap size (-Xmx/-Xms)
#   Decrease number of Java threads
#   Decrease Java thread stack sizes (-Xss)
#   Set larger code cache with -XX:ReservedCodeCacheSize=
#   JVM is running with Zero Based Compressed Oops mode in which the Java heap is
#     placed in the first 32GB address space. The Java Heap base address is the
#     maximum limit for the native heap growth. Please use -XX:HeapBaseMinAddress
#     to set the Java Heap base and to place the Java Heap above 32GB virtual address.
# This output file may be truncated or incomplete.
#
#  Out of Memory Error (virtualSpaceNode.cpp:110), pid=10688, tid=5600
#
# JRE version: Java(TM) SE Runtime Environment (18.0.1.1+2) (build 18.0.1.1+2-6)
# Java VM: Java HotSpot(TM) 64-Bit Server VM (18.0.1.1+2-6, mixed mode, emulated-client, sharing, tiered, compressed oops, compressed class ptrs, g1 gc, windows-amd64)
# No core dump will be written. Minidumps are not enabled by default on client versions of Windows
#

---------------  S U M M A R Y ------------

Command Line: -XX:TieredStopAtLevel=1 -Xverify:none -Dspring.output.ansi.enabled=always -Dcom.sun.management.jmxremote -Dspring.jmx.enabled=true -Dspring.liveBeansView.mbeanDomain -Dspring.application.admin.enabled=true -javaagent:C:\Program Files\$RM3IM9A\IntelliJ IDEA 2022.1.3\lib\idea_rt.jar=64682:C:\Program Files\$RM3IM9A\IntelliJ IDEA 2022.1.3\bin -Dfile.encoding=UTF-8 ch.zli.gameapi.GameapiApplication

Host: Intel(R) Core(TM) i7-8700 CPU @ 3.20GHz, 8 cores, 8G,  Windows 10 , 64 bit Build 19041 (10.0.19041.1741)
Time: Fri Jul 15 13:18:44 2022 Mitteleuropäische Sommerzeit elapsed time: 0.614823 seconds (0d 0h 0m 0s)

---------------  T H R E A D  ---------------

Current thread (0x000001d25ca7cf60):  JavaThread "main" [_thread_in_vm, id=5600, stack(0x000000324de00000,0x000000324df00000)]

Stack: [0x000000324de00000,0x000000324df00000]
Native frames: (J=compiled Java code, j=interpreted, Vv=VM code, C=native code)
V  [jvm.dll+0x69887a]
V  [jvm.dll+0x7f38bd]
V  [jvm.dll+0x7f51ce]
V  [jvm.dll+0x7f5883]
V  [jvm.dll+0x25ca3f]
V  [jvm.dll+0x7ef5cb]
V  [jvm.dll+0x63ea76]
V  [jvm.dll+0x63eada]
V  [jvm.dll+0x64135e]
V  [jvm.dll+0x64121e]
V  [jvm.dll+0x63f43e]
V  [jvm.dll+0x2524a0]
V  [jvm.dll+0x202d5d]
V  [jvm.dll+0x1f8781]
V  [jvm.dll+0x55d685]
V  [jvm.dll+0x209637]
V  [jvm.dll+0x76cf6d]
V  [jvm.dll+0x76e2a6]
V  [jvm.dll+0x76e5d8]
V  [jvm.dll+0x254d46]
V  [jvm.dll+0x3a3c03]
C  0x000001d265bba038

Java frames: (J=compiled Java code, j=interpreted, Vv=VM code)
j  java.io.ObjectOutputStream.writeObject0(Ljava/lang/Object;Z)V+138 java.base@18.0.1.1
j  java.io.ObjectOutputStream.writeObject(Ljava/lang/Object;)V+16 java.base@18.0.1.1
j  javax.management.remote.rmi.RMIConnectorServer.encodeJRMPStub(Ljavax/management/remote/rmi/RMIServer;Ljava/util/Map;)Ljava/lang/String;+19 java.management.rmi@18.0.1.1
j  javax.management.remote.rmi.RMIConnectorServer.encodeStub(Ljavax/management/remote/rmi/RMIServer;Ljava/util/Map;)Ljava/lang/String;+2 java.management.rmi@18.0.1.1
j  javax.management.remote.rmi.RMIConnectorServer.encodeStubInAddress(Ljavax/management/remote/rmi/RMIServer;Ljava/util/Map;)V+64 java.management.rmi@18.0.1.1
j  javax.management.remote.rmi.RMIConnectorServer.start()V+454 java.management.rmi@18.0.1.1
j  sun.management.jmxremote.ConnectorBootstrap.startLocalConnectorServer()Ljavax/management/remote/JMXConnectorServer;+290 jdk.management.agent@18.0.1.1
j  jdk.internal.agent.Agent.startLocalManagementAgent()V+13 jdk.management.agent@18.0.1.1
j  jdk.internal.agent.Agent.startAgent(Ljava/util/Properties;)V+58 jdk.management.agent@18.0.1.1
j  jdk.internal.agent.Agent.startAgent()V+20 jdk.management.agent@18.0.1.1
v  ~StubRoutines::call_stub

---------------  P R O C E S S  ---------------

Threads class SMR info:
_java_thread_list=0x000001d275b8b940, length=15, elements={
0x000001d25ca7cf60, 0x000001d2712430d0, 0x000001d271244d40, 0x000001d271254fd0,
0x000001d271255c30, 0x000001d2712575e0, 0x000001d271257f80, 0x000001d271258a60,
0x000001d27125b850, 0x000001d27123ca00, 0x000001d27123d2d0, 0x000001d27131d7d0,
0x000001d27591ee40, 0x000001d275923720, 0x000001d275a5e2d0
}

Java Threads: ( => current thread )
=>0x000001d25ca7cf60 JavaThread "main" [_thread_in_vm, id=5600, stack(0x000000324de00000,0x000000324df00000)]
  0x000001d2712430d0 JavaThread "Reference Handler" daemon [_thread_blocked, id=9816, stack(0x000000324e500000,0x000000324e600000)]
  0x000001d271244d40 JavaThread "Finalizer" daemon [_thread_blocked, id=12108, stack(0x000000324e600000,0x000000324e700000)]
  0x000001d271254fd0 JavaThread "Signal Dispatcher" daemon [_thread_blocked, id=12544, stack(0x000000324e700000,0x000000324e800000)]
  0x000001d271255c30 JavaThread "Attach Listener" daemon [_thread_blocked, id=2360, stack(0x000000324e800000,0x000000324e900000)]
  0x000001d2712575e0 JavaThread "Service Thread" daemon [_thread_blocked, id=15384, stack(0x000000324e900000,0x000000324ea00000)]
  0x000001d271257f80 JavaThread "Monitor Deflation Thread" daemon [_thread_blocked, id=16948, stack(0x000000324ea00000,0x000000324eb00000)]
  0x000001d271258a60 JavaThread "C1 CompilerThread0" daemon [_thread_blocked, id=10464, stack(0x000000324eb00000,0x000000324ec00000)]
  0x000001d27125b850 JavaThread "Sweeper thread" daemon [_thread_blocked, id=18184, stack(0x000000324ec00000,0x000000324ed00000)]
  0x000001d27123ca00 JavaThread "Common-Cleaner" daemon [_thread_blocked, id=17868, stack(0x000000324ed00000,0x000000324ee00000)]
  0x000001d27123d2d0 JavaThread "C1 CompilerThread1" daemon [_thread_blocked, id=16800, stack(0x000000324ee00000,0x000000324ef00000)]
  0x000001d27131d7d0 JavaThread "C1 CompilerThread2" daemon [_thread_blocked, id=18316, stack(0x000000324ef00000,0x000000324f000000)]
  0x000001d27591ee40 JavaThread "Monitor Ctrl-Break" daemon [_thread_in_native, id=8688, stack(0x000000324f000000,0x000000324f100000)]
  0x000001d275923720 JavaThread "Notification Thread" daemon [_thread_blocked, id=11704, stack(0x000000324f100000,0x000000324f200000)]
  0x000001d275a5e2d0 JavaThread "RMI TCP Accept-0" daemon [_thread_in_native, id=10704, stack(0x000000324f200000,0x000000324f300000)]

Other Threads:
  0x000001d25cade0e0 VMThread "VM Thread" [stack: 0x000000324e400000,0x000000324e500000] [id=12492]
  0x000001d25caccd70 WorkerThread "GC Thread#0" [stack: 0x000000324df00000,0x000000324e000000] [id=9540]
  0x000001d25cad6930 ConcurrentGCThread "G1 Main Marker" [stack: 0x000000324e000000,0x000000324e100000] [id=18372]
  0x000001d25cad7320 WorkerThread "G1 Conc#0" [stack: 0x000000324e100000,0x000000324e200000] [id=12628]
  0x000001d25cb1b8f0 ConcurrentGCThread "G1 Refine#0" [stack: 0x000000324e200000,0x000000324e300000] [id=16552]
  0x000001d25cb1c200 ConcurrentGCThread "G1 Service" [stack: 0x000000324e300000,0x000000324e400000] [id=17388]

Threads with active compile tasks:

VM state: not at safepoint (normal execution)

VM Mutex/Monitor currently owned by a thread:  ([mutex/lock_event])
[0x000001d25ca771a0] Metaspace_lock - owner thread: 0x000001d25ca7cf60

Heap address: 0x0000000773600000, size: 2250 MB, Compressed Oops mode: Zero based, Oop shift amount: 3

CDS archive(s) mapped at: [0x0000000800000000-0x0000000800ba0000-0x0000000800ba0000), size 12189696, SharedBaseAddress: 0x0000000800000000, ArchiveRelocationMode: 0.
Compressed class space mapped at: 0x0000000800c00000-0x0000000840c00000, reserved size: 1073741824
Narrow klass base: 0x0000000800000000, Narrow klass shift: 0, Narrow klass range: 0x100000000

GC Precious Log:
 CardTable entry size: 512
 Card Set container configuration: InlinePtr #cards 4 size 8 Array Of Cards #cards 16 size 48 Howl #buckets 8 coarsen threshold 3686 Howl Bitmap #cards 512 size 80 coarsen threshold 460 Card regions per heap region 1 cards per card region 4096
 CPUs: 8 total, 8 available
 Memory: 8999M
 Large Page Support: Disabled
 NUMA Support: Disabled
 Compressed Oops: Enabled (Zero based)
 Heap Region Size: 2M
 Heap Min Capacity: 8M
 Heap Initial Capacity: 142M
 Heap Max Capacity: 2250M
 Pre-touch: Disabled
 Parallel Workers: 8
 Concurrent Workers: 2
 Concurrent Refinement Workers: 8
 Periodic GC: Disabled

Heap:
 garbage-first heap   total 145408K, used 10240K [0x0000000773600000, 0x0000000800000000)
  region size 2048K, 6 young (12288K), 0 survivors (0K)
 Metaspace       used 4132K, committed 4288K, reserved 1114112K
  class space    used 490K, committed 576K, reserved 1048576K

Heap Regions: E=young(eden), S=young(survivor), O=old, HS=humongous(starts), HC=humongous(continues), CS=collection set, F=free, OA=open archive, CA=closed archive, TAMS=top-at-mark-start (previous, next)
|   0|0x0000000773600000, 0x0000000773600000, 0x0000000773800000|  0%| F|  |TAMS 0x0000000773600000, 0x0000000773600000| Untracked 
|   1|0x0000000773800000, 0x0000000773800000, 0x0000000773a00000|  0%| F|  |TAMS 0x0000000773800000, 0x0000000773800000| Untracked 
|   2|0x0000000773a00000, 0x0000000773a00000, 0x0000000773c00000|  0%| F|  |TAMS 0x0000000773a00000, 0x0000000773a00000| Untracked 
|   3|0x0000000773c00000, 0x0000000773c00000, 0x0000000773e00000|  0%| F|  |TAMS 0x0000000773c00000, 0x0000000773c00000| Untracked 
|   4|0x0000000773e00000, 0x0000000773e00000, 0x0000000774000000|  0%| F|  |TAMS 0x0000000773e00000, 0x0000000773e00000| Untracked 
|   5|0x0000000774000000, 0x0000000774000000, 0x0000000774200000|  0%| F|  |TAMS 0x0000000774000000, 0x0000000774000000| Untracked 
|   6|0x0000000774200000, 0x0000000774200000, 0x0000000774400000|  0%| F|  |TAMS 0x0000000774200000, 0x0000000774200000| Untracked 
|   7|0x0000000774400000, 0x0000000774400000, 0x0000000774600000|  0%| F|  |TAMS 0x0000000774400000, 0x0000000774400000| Untracked 
|   8|0x0000000774600000, 0x0000000774600000, 0x0000000774800000|  0%| F|  |TAMS 0x0000000774600000, 0x0000000774600000| Untracked 
|   9|0x0000000774800000, 0x0000000774800000, 0x0000000774a00000|  0%| F|  |TAMS 0x0000000774800000, 0x0000000774800000| Untracked 
|  10|0x0000000774a00000, 0x0000000774a00000, 0x0000000774c00000|  0%| F|  |TAMS 0x0000000774a00000, 0x0000000774a00000| Untracked 
|  11|0x0000000774c00000, 0x0000000774c00000, 0x0000000774e00000|  0%| F|  |TAMS 0x0000000774c00000, 0x0000000774c00000| Untracked 
|  12|0x0000000774e00000, 0x0000000774e00000, 0x0000000775000000|  0%| F|  |TAMS 0x0000000774e00000, 0x0000000774e00000| Untracked 
|  13|0x0000000775000000, 0x0000000775000000, 0x0000000775200000|  0%| F|  |TAMS 0x0000000775000000, 0x0000000775000000| Untracked 
|  14|0x0000000775200000, 0x0000000775200000, 0x0000000775400000|  0%| F|  |TAMS 0x0000000775200000, 0x0000000775200000| Untracked 
|  15|0x0000000775400000, 0x0000000775400000, 0x0000000775600000|  0%| F|  |TAMS 0x0000000775400000, 0x0000000775400000| Untracked 
|  16|0x0000000775600000, 0x0000000775600000, 0x0000000775800000|  0%| F|  |TAMS 0x0000000775600000, 0x0000000775600000| Untracked 
|  17|0x0000000775800000, 0x0000000775800000, 0x0000000775a00000|  0%| F|  |TAMS 0x0000000775800000, 0x0000000775800000| Untracked 
|  18|0x0000000775a00000, 0x0000000775a00000, 0x0000000775c00000|  0%| F|  |TAMS 0x0000000775a00000, 0x0000000775a00000| Untracked 
|  19|0x0000000775c00000, 0x0000000775c00000, 0x0000000775e00000|  0%| F|  |TAMS 0x0000000775c00000, 0x0000000775c00000| Untracked 
|  20|0x0000000775e00000, 0x0000000775e00000, 0x0000000776000000|  0%| F|  |TAMS 0x0000000775e00000, 0x0000000775e00000| Untracked 
|  21|0x0000000776000000, 0x0000000776000000, 0x0000000776200000|  0%| F|  |TAMS 0x0000000776000000, 0x0000000776000000| Untracked 
|  22|0x0000000776200000, 0x0000000776200000, 0x0000000776400000|  0%| F|  |TAMS 0x0000000776200000, 0x0000000776200000| Untracked 
|  23|0x0000000776400000, 0x0000000776400000, 0x0000000776600000|  0%| F|  |TAMS 0x0000000776400000, 0x0000000776400000| Untracked 
|  24|0x0000000776600000, 0x0000000776600000, 0x0000000776800000|  0%| F|  |TAMS 0x0000000776600000, 0x0000000776600000| Untracked 
|  25|0x0000000776800000, 0x0000000776800000, 0x0000000776a00000|  0%| F|  |TAMS 0x0000000776800000, 0x0000000776800000| Untracked 
|  26|0x0000000776a00000, 0x0000000776a00000, 0x0000000776c00000|  0%| F|  |TAMS 0x0000000776a00000, 0x0000000776a00000| Untracked 
|  27|0x0000000776c00000, 0x0000000776c00000, 0x0000000776e00000|  0%| F|  |TAMS 0x0000000776c00000, 0x0000000776c00000| Untracked 
|  28|0x0000000776e00000, 0x0000000776e00000, 0x0000000777000000|  0%| F|  |TAMS 0x0000000776e00000, 0x0000000776e00000| Untracked 
|  29|0x0000000777000000, 0x0000000777000000, 0x0000000777200000|  0%| F|  |TAMS 0x0000000777000000, 0x0000000777000000| Untracked 
|  30|0x0000000777200000, 0x0000000777200000, 0x0000000777400000|  0%| F|  |TAMS 0x0000000777200000, 0x0000000777200000| Untracked 
|  31|0x0000000777400000, 0x0000000777400000, 0x0000000777600000|  0%| F|  |TAMS 0x0000000777400000, 0x0000000777400000| Untracked 
|  32|0x0000000777600000, 0x0000000777600000, 0x0000000777800000|  0%| F|  |TAMS 0x0000000777600000, 0x0000000777600000| Untracked 
|  33|0x0000000777800000, 0x0000000777800000, 0x0000000777a00000|  0%| F|  |TAMS 0x0000000777800000, 0x0000000777800000| Untracked 
|  34|0x0000000777a00000, 0x0000000777a00000, 0x0000000777c00000|  0%| F|  |TAMS 0x0000000777a00000, 0x0000000777a00000| Untracked 
|  35|0x0000000777c00000, 0x0000000777c00000, 0x0000000777e00000|  0%| F|  |TAMS 0x0000000777c00000, 0x0000000777c00000| Untracked 
|  36|0x0000000777e00000, 0x0000000777e00000, 0x0000000778000000|  0%| F|  |TAMS 0x0000000777e00000, 0x0000000777e00000| Untracked 
|  37|0x0000000778000000, 0x0000000778000000, 0x0000000778200000|  0%| F|  |TAMS 0x0000000778000000, 0x0000000778000000| Untracked 
|  38|0x0000000778200000, 0x0000000778200000, 0x0000000778400000|  0%| F|  |TAMS 0x0000000778200000, 0x0000000778200000| Untracked 
|  39|0x0000000778400000, 0x0000000778400000, 0x0000000778600000|  0%| F|  |TAMS 0x0000000778400000, 0x0000000778400000| Untracked 
|  40|0x0000000778600000, 0x0000000778600000, 0x0000000778800000|  0%| F|  |TAMS 0x0000000778600000, 0x0000000778600000| Untracked 
|  41|0x0000000778800000, 0x0000000778800000, 0x0000000778a00000|  0%| F|  |TAMS 0x0000000778800000, 0x0000000778800000| Untracked 
|  42|0x0000000778a00000, 0x0000000778a00000, 0x0000000778c00000|  0%| F|  |TAMS 0x0000000778a00000, 0x0000000778a00000| Untracked 
|  43|0x0000000778c00000, 0x0000000778c00000, 0x0000000778e00000|  0%| F|  |TAMS 0x0000000778c00000, 0x0000000778c00000| Untracked 
|  44|0x0000000778e00000, 0x0000000778e00000, 0x0000000779000000|  0%| F|  |TAMS 0x0000000778e00000, 0x0000000778e00000| Untracked 
|  45|0x0000000779000000, 0x0000000779000000, 0x0000000779200000|  0%| F|  |TAMS 0x0000000779000000, 0x0000000779000000| Untracked 
|  46|0x0000000779200000, 0x0000000779200000, 0x0000000779400000|  0%| F|  |TAMS 0x0000000779200000, 0x0000000779200000| Untracked 
|  47|0x0000000779400000, 0x0000000779400000, 0x0000000779600000|  0%| F|  |TAMS 0x0000000779400000, 0x0000000779400000| Untracked 
|  48|0x0000000779600000, 0x0000000779600000, 0x0000000779800000|  0%| F|  |TAMS 0x0000000779600000, 0x0000000779600000| Untracked 
|  49|0x0000000779800000, 0x0000000779800000, 0x0000000779a00000|  0%| F|  |TAMS 0x0000000779800000, 0x0000000779800000| Untracked 
|  50|0x0000000779a00000, 0x0000000779a00000, 0x0000000779c00000|  0%| F|  |TAMS 0x0000000779a00000, 0x0000000779a00000| Untracked 
|  51|0x0000000779c00000, 0x0000000779c00000, 0x0000000779e00000|  0%| F|  |TAMS 0x0000000779c00000, 0x0000000779c00000| Untracked 
|  52|0x0000000779e00000, 0x0000000779e00000, 0x000000077a000000|  0%| F|  |TAMS 0x0000000779e00000, 0x0000000779e00000| Untracked 
|  53|0x000000077a000000, 0x000000077a000000, 0x000000077a200000|  0%| F|  |TAMS 0x000000077a000000, 0x000000077a000000| Untracked 
|  54|0x000000077a200000, 0x000000077a200000, 0x000000077a400000|  0%| F|  |TAMS 0x000000077a200000, 0x000000077a200000| Untracked 
|  55|0x000000077a400000, 0x000000077a400000, 0x000000077a600000|  0%| F|  |TAMS 0x000000077a400000, 0x000000077a400000| Untracked 
|  56|0x000000077a600000, 0x000000077a600000, 0x000000077a800000|  0%| F|  |TAMS 0x000000077a600000, 0x000000077a600000| Untracked 
|  57|0x000000077a800000, 0x000000077a800000, 0x000000077aa00000|  0%| F|  |TAMS 0x000000077a800000, 0x000000077a800000| Untracked 
|  58|0x000000077aa00000, 0x000000077aa00000, 0x000000077ac00000|  0%| F|  |TAMS 0x000000077aa00000, 0x000000077aa00000| Untracked 
|  59|0x000000077ac00000, 0x000000077ac00000, 0x000000077ae00000|  0%| F|  |TAMS 0x000000077ac00000, 0x000000077ac00000| Untracked 
|  60|0x000000077ae00000, 0x000000077ae00000, 0x000000077b000000|  0%| F|  |TAMS 0x000000077ae00000, 0x000000077ae00000| Untracked 
|  61|0x000000077b000000, 0x000000077b000000, 0x000000077b200000|  0%| F|  |TAMS 0x000000077b000000, 0x000000077b000000| Untracked 
|  62|0x000000077b200000, 0x000000077b200000, 0x000000077b400000|  0%| F|  |TAMS 0x000000077b200000, 0x000000077b200000| Untracked 
|  63|0x000000077b400000, 0x000000077b400000, 0x000000077b600000|  0%| F|  |TAMS 0x000000077b400000, 0x000000077b400000| Untracked 
|  64|0x000000077b600000, 0x000000077b600000, 0x000000077b800000|  0%| F|  |TAMS 0x000000077b600000, 0x000000077b600000| Untracked 
|  65|0x000000077b800000, 0x000000077b9c3160, 0x000000077ba00000| 88%| E|  |TAMS 0x000000077b800000, 0x000000077b800000| Complete 
|  66|0x000000077ba00000, 0x000000077bc00000, 0x000000077bc00000|100%| E|CS|TAMS 0x000000077ba00000, 0x000000077ba00000| Complete 
|  67|0x000000077bc00000, 0x000000077be00000, 0x000000077be00000|100%| E|CS|TAMS 0x000000077bc00000, 0x000000077bc00000| Complete 
|  68|0x000000077be00000, 0x000000077c000000, 0x000000077c000000|100%| E|CS|TAMS 0x000000077be00000, 0x000000077be00000| Complete 
|  69|0x000000077c000000, 0x000000077c200000, 0x000000077c200000|100%| E|CS|TAMS 0x000000077c000000, 0x000000077c000000| Complete 
|  70|0x000000077c200000, 0x000000077c400000, 0x000000077c400000|100%| E|CS|TAMS 0x000000077c200000, 0x000000077c200000| Complete 

Card table byte_map: [0x000001d269910000,0x000001d269d80000] _byte_map_base: 0x000001d265d75000

Marking Bits (Prev, Next): (CMBitMap*) 0x000001d25cacd370, (CMBitMap*) 0x000001d25cacd3b0
 Prev Bits: [0x000001d26a1f0000, 0x000001d26c518000)
 Next Bits: [0x000001d26c520000, 0x000001d26e848000)

Polling page: 0x000001d25cb40000

Metaspace:

Usage:
  Non-class:      3.56 MB used.
      Class:    490.38 KB used.
       Both:      4.04 MB used.

Virtual space:
  Non-class space:       64.00 MB reserved,       3.62 MB (  6%) committed,  1 nodes.
      Class space:        1.00 GB reserved,     576.00 KB ( <1%) committed,  1 nodes.
             Both:        1.06 GB reserved,       4.19 MB ( <1%) committed. 

Chunk freelists:
   Non-Class:  3.91 MB
       Class:  3.25 MB
        Both:  7.16 MB

MaxMetaspaceSize: unlimited
CompressedClassSpaceSize: 1.00 GB
Initial GC threshold: 21.00 MB
Current GC threshold: 21.00 MB
CDS: on
MetaspaceReclaimPolicy: balanced
 - commit_granule_bytes: 65536.
 - commit_granule_words: 8192.
 - virtual_space_node_default_size: 8388608.
 - enlarge_chunks_in_place: 1.
 - new_chunks_are_fully_committed: 0.
 - uncommit_free_chunks: 1.
 - use_allocation_guard: 0.


Internal statistics:

num_allocs_failed_limit: 0.
num_arena_births: 90.
num_arena_deaths: 0.
num_vsnodes_births: 2.
num_vsnodes_deaths: 0.
num_space_committed: 67.
num_space_uncommitted: 0.
num_chunks_returned_to_freelist: 0.
num_chunks_taken_from_freelist: 101.
num_chunk_merges: 0.
num_chunk_splits: 68.
num_chunks_enlarged: 41.
num_inconsistent_stats: 0.

CodeCache: size=49152Kb used=3346Kb max_used=3346Kb free=45805Kb
 bounds [0x000001d265ba0000, 0x000001d265ef0000, 0x000001d268ba0000]
 total_blobs=1275 nmethods=842 adapters=359
 compilation: enabled
              stopped_count=0, restarted_count=0
 full_count=0

Compilation events (20 events):
Event: 0.595 Thread 0x000001d271258a60  832       1       java.util.ImmutableCollections$List12::size (16 bytes)
Event: 0.595 Thread 0x000001d271258a60 nmethod 832 0x000001d265ee0310 code [0x000001d265ee04a0, 0x000001d265ee0598]
Event: 0.597 Thread 0x000001d27131d7d0  833       1       java.lang.invoke.MethodHandles$Lookup::in (283 bytes)
Event: 0.597 Thread 0x000001d27123d2d0  834       1       java.lang.invoke.Invokers$Holder::linkToTargetMethod (9 bytes)
Event: 0.597 Thread 0x000001d27123d2d0 nmethod 834 0x000001d265ee0610 code [0x000001d265ee07c0, 0x000001d265ee08d8]
Event: 0.597 Thread 0x000001d27123d2d0  835       1       jdk.internal.org.objectweb.asm.MethodWriter::endCurrentBasicBlockWithNoSuccessor (94 bytes)
Event: 0.598 Thread 0x000001d27123d2d0 nmethod 835 0x000001d265ee0990 code [0x000001d265ee0b60, 0x000001d265ee0fc8]
Event: 0.598 Thread 0x000001d27123d2d0  836       1       java.lang.invoke.Invokers::checkExactType (17 bytes)
Event: 0.598 Thread 0x000001d271258a60  837       1       java.lang.invoke.Invokers::checkCustomized (23 bytes)
Event: 0.598 Thread 0x000001d27123d2d0 nmethod 836 0x000001d265ee1110 code [0x000001d265ee12a0, 0x000001d265ee1388]
Event: 0.598 Thread 0x000001d27123d2d0  838       1       java.lang.invoke.Invokers::maybeCustomize (5 bytes)
Event: 0.598 Thread 0x000001d271258a60 nmethod 837 0x000001d265ee1490 code [0x000001d265ee1620, 0x000001d265ee1708]
Event: 0.598 Thread 0x000001d271258a60  839       1       java.lang.invoke.MethodHandle::maybeCustomize (38 bytes)
Event: 0.599 Thread 0x000001d27123d2d0 nmethod 838 0x000001d265ee2e10 code [0x000001d265ee2fa0, 0x000001d265ee3068]
Event: 0.599 Thread 0x000001d271258a60 nmethod 839 0x000001d265ee3110 code [0x000001d265ee32c0, 0x000001d265ee3458]
Event: 0.600 Thread 0x000001d27131d7d0 nmethod 833 0x000001d265ee1810 code [0x000001d265ee1b20, 0x000001d265ee27f8]
Event: 0.600 Thread 0x000001d27131d7d0  840       1       java.lang.invoke.DirectMethodHandle::preparedLambdaForm (244 bytes)
Event: 0.601 Thread 0x000001d27131d7d0 nmethod 840 0x000001d265ee3590 code [0x000001d265ee37e0, 0x000001d265ee3d58]
Event: 0.603 Thread 0x000001d27131d7d0  841       1       java.lang.invoke.DirectMethodHandle::preparedLambdaForm (6 bytes)
Event: 0.603 Thread 0x000001d27131d7d0 nmethod 841 0x000001d265ee4210 code [0x000001d265ee43a0, 0x000001d265ee4468]

GC Heap History (0 events):
No events

Deoptimization events (0 events):
No events

Classes loaded (20 events):
Event: 0.606 Loading class sun/rmi/server/UnicastServerRef$HashToMethod_Maps$1 done
Event: 0.606 Loading class java/io/DataOutputStream
Event: 0.606 Loading class java/io/DataOutputStream done
Event: 0.607 Loading class java/security/DigestOutputStream
Event: 0.607 Loading class java/security/DigestOutputStream done
Event: 0.608 Loading class java/io/ObjectOutputStream
Event: 0.609 Loading class java/io/ObjectOutput
Event: 0.610 Loading class java/io/ObjectOutput done
Event: 0.610 Loading class java/io/ObjectStreamConstants
Event: 0.610 Loading class java/io/ObjectStreamConstants done
Event: 0.610 Loading class java/io/ObjectOutputStream done
Event: 0.610 Loading class java/io/ObjectOutputStream$BlockDataOutputStream
Event: 0.610 Loading class java/io/ObjectOutputStream$BlockDataOutputStream done
Event: 0.610 Loading class java/io/ObjectOutputStream$HandleTable
Event: 0.610 Loading class java/io/ObjectOutputStream$HandleTable done
Event: 0.610 Loading class java/io/ObjectOutputStream$ReplaceTable
Event: 0.610 Loading class java/io/ObjectOutputStream$ReplaceTable done
Event: 0.610 Loading class java/io/Bits
Event: 0.610 Loading class java/io/Bits done
Event: 0.610 Loading class java/io/ObjectStreamClass

Classes unloaded (0 events):
No events

Classes redefined (0 events):
No events

Internal exceptions (11 events):
Event: 0.262 Thread 0x000001d25ca7cf60 Exception <a 'java/lang/NoSuchMethodError'{0x000000077bcdfa10}: 'void java.lang.invoke.DirectMethodHandle$Holder.invokeStatic(java.lang.Object, java.lang.Object, java.lang.Object)'> (0x000000077bcdfa10) 
thrown [s\open\src\hotspot\share\interpreter\linkResolver.cpp, line 766]
Event: 0.273 Thread 0x000001d25ca7cf60 Exception <a 'java/lang/NoSuchMethodError'{0x000000077bcf8728}: 'java.lang.Object java.lang.invoke.Invokers$Holder.invokeExact_MT(java.lang.Object, java.lang.Object, java.lang.Object, java.lang.Object, java.lang.Object)'> (0x000000077bcf8728) 
thrown [s\open\src\hotspot\share\interpreter\linkResolver.cpp, line 766]
Event: 0.304 Thread 0x000001d27591ee40 Exception <a 'java/lang/NoSuchMethodError'{0x000000077bd38b08}: 'void java.lang.invoke.DirectMethodHandle$Holder.invokeStatic(java.lang.Object, java.lang.Object)'> (0x000000077bd38b08) 
thrown [s\open\src\hotspot\share\interpreter\linkResolver.cpp, line 766]
Event: 0.331 Thread 0x000001d25ca7cf60 Exception <a 'java/lang/NoSuchMethodError'{0x000000077bd2cc50}: 'java.lang.Object java.lang.invoke.DirectMethodHandle$Holder.invokeStaticInit(java.lang.Object)'> (0x000000077bd2cc50) 
thrown [s\open\src\hotspot\share\interpreter\linkResolver.cpp, line 766]
Event: 0.348 Thread 0x000001d25ca7cf60 Exception <a 'java/lang/NoSuchMethodError'{0x000000077bdb3900}: 'int java.lang.invoke.DirectMethodHandle$Holder.invokeInterface(java.lang.Object, java.lang.Object)'> (0x000000077bdb3900) 
thrown [s\open\src\hotspot\share\interpreter\linkResolver.cpp, line 766]
Event: 0.348 Thread 0x000001d25ca7cf60 Exception <a 'java/lang/IncompatibleClassChangeError'{0x000000077bdb6ef8}: Found class java.lang.Object, but interface was expected> (0x000000077bdb6ef8) 
thrown [s\open\src\hotspot\share\interpreter\linkResolver.cpp, line 833]
Event: 0.407 Thread 0x000001d25ca7cf60 Exception <a 'java/lang/NoSuchMethodError'{0x000000077ba86800}: 'int java.lang.invoke.DirectMethodHandle$Holder.invokeSpecial(java.lang.Object, java.lang.Object, java.lang.Object)'> (0x000000077ba86800) 
thrown [s\open\src\hotspot\share\interpreter\linkResolver.cpp, line 766]
Event: 0.496 Thread 0x000001d25ca7cf60 Exception <a 'java/lang/NoSuchMethodError'{0x000000077bbbc9a8}: 'int java.lang.invoke.DirectMethodHandle$Holder.invokeSpecialIFC(java.lang.Object, java.lang.Object, java.lang.Object)'> (0x000000077bbbc9a8) 
thrown [s\open\src\hotspot\share\interpreter\linkResolver.cpp, line 766]
Event: 0.524 Thread 0x000001d25ca7cf60 Exception <a 'java/lang/NoSuchMethodError'{0x000000077b8339b0}: 'java.lang.Object java.lang.invoke.DirectMethodHandle$Holder.invokeStaticInit(java.lang.Object, int, int, int, int)'> (0x000000077b8339b0) 
thrown [s\open\src\hotspot\share\interpreter\linkResolver.cpp, line 766]
Event: 0.576 Thread 0x000001d25ca7cf60 Exception <a 'java/lang/NoSuchMethodError'{0x000000077b8e8570}: 'java.lang.Object java.lang.invoke.DirectMethodHandle$Holder.invokeStaticInit(java.lang.Object, java.lang.Object, int, int, int, int)'> (0x000000077b8e8570) 
thrown [s\open\src\hotspot\share\interpreter\linkResolver.cpp, line 766]
Event: 0.595 Thread 0x000001d25ca7cf60 Exception <a 'java/lang/ClassNotFoundException'{0x000000077b9079c0}: javax/management/remote/rmi/RMIServerImpl_Skel> (0x000000077b9079c0) 
thrown [s\open\src\hotspot\share\classfile\systemDictionary.cpp, line 255]

VM Operations (6 events):
Event: 0.128 Executing VM operation: HandshakeAllThreads
Event: 0.128 Executing VM operation: HandshakeAllThreads done
Event: 0.288 Executing VM operation: HandshakeAllThreads
Event: 0.288 Executing VM operation: HandshakeAllThreads done
Event: 0.512 Executing VM operation: HandshakeAllThreads
Event: 0.512 Executing VM operation: HandshakeAllThreads done

Events (20 events):
Event: 0.053 Thread 0x000001d271255c30 Thread added: 0x000001d271255c30
Event: 0.053 Thread 0x000001d2712575e0 Thread added: 0x000001d2712575e0
Event: 0.053 Thread 0x000001d271257f80 Thread added: 0x000001d271257f80
Event: 0.053 Thread 0x000001d271258a60 Thread added: 0x000001d271258a60
Event: 0.053 Thread 0x000001d27125b850 Thread added: 0x000001d27125b850
Event: 0.116 Thread 0x000001d27123ca00 Thread added: 0x000001d27123ca00
Event: 0.129 Thread 0x000001d27123d2d0 Thread added: 0x000001d27123d2d0
Event: 0.130 Thread 0x000001d27131d7d0 Thread added: 0x000001d27131d7d0
Event: 0.145 Loaded shared library C:\Program Files\Java\jdk-18.0.1.1\bin\zip.dll
Event: 0.147 Loaded shared library C:\Program Files\Java\jdk-18.0.1.1\bin\instrument.dll
Event: 0.153 Loaded shared library C:\Program Files\Java\jdk-18.0.1.1\bin\net.dll
Event: 0.155 Loaded shared library C:\Program Files\Java\jdk-18.0.1.1\bin\nio.dll
Event: 0.157 Loaded shared library C:\Program Files\Java\jdk-18.0.1.1\bin\zip.dll
Event: 0.278 Loaded shared library C:\Program Files\$RM3IM9A\IntelliJ IDEA 2022.1.3\bin\breakgen64.dll
Event: 0.282 Thread 0x000001d27591ee40 Thread added: 0x000001d27591ee40
Event: 0.283 Thread 0x000001d275923720 Thread added: 0x000001d275923720
Event: 0.292 Loaded shared library C:\Program Files\Java\jdk-18.0.1.1\bin\jimage.dll
Event: 0.333 Loaded shared library C:\Program Files\Java\jdk-18.0.1.1\bin\management.dll
Event: 0.343 Loaded shared library C:\Program Files\Java\jdk-18.0.1.1\bin\management_ext.dll
Event: 0.606 Thread 0x000001d275a5e2d0 Thread added: 0x000001d275a5e2d0


Dynamic libraries:
0x00007ff793060000 - 0x00007ff793070000 	C:\Program Files\Java\jdk-18.0.1.1\bin\java.exe
0x00007ffb0fc50000 - 0x00007ffb0fe47000 	C:\WINDOWS\SYSTEM32\ntdll.dll
0x00007ffb0e380000 - 0x00007ffb0e43d000 	C:\WINDOWS\System32\KERNEL32.DLL
0x00007ffb0d370000 - 0x00007ffb0d63d000 	C:\WINDOWS\System32\KERNELBASE.dll
0x00007ffb0d8b0000 - 0x00007ffb0d9b0000 	C:\WINDOWS\System32\ucrtbase.dll
0x00007ffaf5810000 - 0x00007ffaf5828000 	C:\Program Files\Java\jdk-18.0.1.1\bin\jli.dll
0x00007ffaf57f0000 - 0x00007ffaf580a000 	C:\Program Files\Java\jdk-18.0.1.1\bin\VCRUNTIME140.dll
0x00007ffb0f700000 - 0x00007ffb0f7ae000 	C:\WINDOWS\System32\ADVAPI32.dll
0x00007ffb0f990000 - 0x00007ffb0fa2e000 	C:\WINDOWS\System32\msvcrt.dll
0x00007ffb0f3c0000 - 0x00007ffb0f45c000 	C:\WINDOWS\System32\sechost.dll
0x00007ffb0fa30000 - 0x00007ffb0fb55000 	C:\WINDOWS\System32\RPCRT4.dll
0x00007ffb0dd10000 - 0x00007ffb0deb0000 	C:\WINDOWS\System32\USER32.dll
0x00007ffaf2b60000 - 0x00007ffaf2dfa000 	C:\WINDOWS\WinSxS\amd64_microsoft.windows.common-controls_6595b64144ccf1df_6.0.19041.1110_none_60b5254171f9507e\COMCTL32.dll
0x00007ffb0daf0000 - 0x00007ffb0db12000 	C:\WINDOWS\System32\win32u.dll
0x00007ffb0f960000 - 0x00007ffb0f98a000 	C:\WINDOWS\System32\GDI32.dll
0x00007ffb0d640000 - 0x00007ffb0d74b000 	C:\WINDOWS\System32\gdi32full.dll
0x00007ffb0d7a0000 - 0x00007ffb0d83d000 	C:\WINDOWS\System32\msvcp_win.dll
0x00007ffb04a60000 - 0x00007ffb04a6a000 	C:\WINDOWS\SYSTEM32\VERSION.dll
0x00007ffb0deb0000 - 0x00007ffb0dee0000 	C:\WINDOWS\System32\IMM32.DLL
0x00007ffb08db0000 - 0x00007ffb08dbc000 	C:\Program Files\Java\jdk-18.0.1.1\bin\vcruntime140_1.dll
0x00007ffaed970000 - 0x00007ffaed9fd000 	C:\Program Files\Java\jdk-18.0.1.1\bin\msvcp140.dll
0x00007ffae29c0000 - 0x00007ffae35d0000 	C:\Program Files\Java\jdk-18.0.1.1\bin\server\jvm.dll
0x00007ffb0e440000 - 0x00007ffb0e448000 	C:\WINDOWS\System32\PSAPI.DLL
0x00007ffb027e0000 - 0x00007ffb027e9000 	C:\WINDOWS\SYSTEM32\WSOCK32.dll
0x00007ffb0e9f0000 - 0x00007ffb0ea5b000 	C:\WINDOWS\System32\WS2_32.dll
0x00007ffb04090000 - 0x00007ffb040b7000 	C:\WINDOWS\SYSTEM32\WINMM.dll
0x00007ffb0b250000 - 0x00007ffb0b262000 	C:\WINDOWS\SYSTEM32\kernel.appcore.dll
0x00007ffb00e20000 - 0x00007ffb00e2a000 	C:\Program Files\Java\jdk-18.0.1.1\bin\jimage.dll
0x00007ffb03470000 - 0x00007ffb03654000 	C:\WINDOWS\SYSTEM32\DBGHELP.DLL
0x00007ffb032d0000 - 0x00007ffb032fc000 	C:\WINDOWS\SYSTEM32\dbgcore.DLL
0x00007ffb0d9b0000 - 0x00007ffb0da32000 	C:\WINDOWS\System32\bcryptPrimitives.dll
0x00007ffaf7690000 - 0x00007ffaf769e000 	C:\Program Files\Java\jdk-18.0.1.1\bin\instrument.dll
0x00007ffaf1e00000 - 0x00007ffaf1e25000 	C:\Program Files\Java\jdk-18.0.1.1\bin\java.dll
0x00007ffaed800000 - 0x00007ffaed8d6000 	C:\Program Files\Java\jdk-18.0.1.1\bin\jsvml.dll
0x00007ffb0ea60000 - 0x00007ffb0f1a4000 	C:\WINDOWS\System32\SHELL32.dll
0x00007ffb0b450000 - 0x00007ffb0bbe4000 	C:\WINDOWS\SYSTEM32\windows.storage.dll
0x00007ffb0e450000 - 0x00007ffb0e7a4000 	C:\WINDOWS\System32\combase.dll
0x00007ffb0cc20000 - 0x00007ffb0cc4c000 	C:\WINDOWS\SYSTEM32\Wldp.dll
0x00007ffb0fb60000 - 0x00007ffb0fc0d000 	C:\WINDOWS\System32\SHCORE.dll
0x00007ffb0e810000 - 0x00007ffb0e865000 	C:\WINDOWS\System32\shlwapi.dll
0x00007ffb0d2b0000 - 0x00007ffb0d2cf000 	C:\WINDOWS\SYSTEM32\profapi.dll
0x00007ffaf10d0000 - 0x00007ffaf10e8000 	C:\Program Files\Java\jdk-18.0.1.1\bin\zip.dll
0x00007ffaf5780000 - 0x00007ffaf5793000 	C:\Program Files\Java\jdk-18.0.1.1\bin\net.dll
0x00007ffb05180000 - 0x00007ffb0528a000 	C:\WINDOWS\SYSTEM32\WINHTTP.dll
0x00007ffb0ca00000 - 0x00007ffb0ca6a000 	C:\WINDOWS\system32\mswsock.dll
0x00007ffaf1410000 - 0x00007ffaf1426000 	C:\Program Files\Java\jdk-18.0.1.1\bin\nio.dll
0x00007ffaee040000 - 0x00007ffaee05a000 	C:\Program Files\$RM3IM9A\IntelliJ IDEA 2022.1.3\bin\breakgen64.dll
0x00007ffb0c750000 - 0x00007ffb0c81b000 	C:\WINDOWS\SYSTEM32\DNSAPI.dll
0x00007ffb0c710000 - 0x00007ffb0c74b000 	C:\WINDOWS\SYSTEM32\IPHLPAPI.DLL
0x00007ffb0dee0000 - 0x00007ffb0dee8000 	C:\WINDOWS\System32\NSI.dll
0x00007ffb069b0000 - 0x00007ffb069ba000 	C:\Windows\System32\rasadhlp.dll
0x00007ffb04ae0000 - 0x00007ffb04b60000 	C:\WINDOWS\System32\fwpuclnt.dll
0x00007ffb0db20000 - 0x00007ffb0db47000 	C:\WINDOWS\System32\bcrypt.dll
0x00007ffaf5610000 - 0x00007ffaf5619000 	C:\Program Files\Java\jdk-18.0.1.1\bin\management.dll
0x00007ffaf00a0000 - 0x00007ffaf00ab000 	C:\Program Files\Java\jdk-18.0.1.1\bin\management_ext.dll
0x00007ffb0cf60000 - 0x00007ffb0cf78000 	C:\WINDOWS\SYSTEM32\CRYPTSP.dll
0x00007ffb0c3a0000 - 0x00007ffb0c3d4000 	C:\WINDOWS\system32\rsaenh.dll
0x00007ffb0d230000 - 0x00007ffb0d25e000 	C:\WINDOWS\SYSTEM32\USERENV.dll
0x00007ffb0cb90000 - 0x00007ffb0cb9c000 	C:\WINDOWS\SYSTEM32\CRYPTBASE.dll
0x00007ffb06ce0000 - 0x00007ffb06cf7000 	C:\WINDOWS\SYSTEM32\dhcpcsvc6.DLL
0x00007ffb06cc0000 - 0x00007ffb06cdd000 	C:\WINDOWS\SYSTEM32\dhcpcsvc.DLL
0x00007ffb01520000 - 0x00007ffb01537000 	C:\WINDOWS\system32\napinsp.dll
0x00007ffb01500000 - 0x00007ffb0151b000 	C:\WINDOWS\system32\pnrpnsp.dll
0x00007ffaf71b0000 - 0x00007ffaf71c5000 	C:\WINDOWS\system32\wshbth.dll
0x00007ffb08d90000 - 0x00007ffb08dad000 	C:\WINDOWS\system32\NLAapi.dll
0x00007ffb014e0000 - 0x00007ffb014f2000 	C:\WINDOWS\System32\winrnr.dll

dbghelp: loaded successfully - version: 4.0.5 - missing functions: none
symbol engine: initialized successfully - sym options: 0x614 - pdb path: .;C:\Program Files\Java\jdk-18.0.1.1\bin;C:\WINDOWS\SYSTEM32;C:\WINDOWS\WinSxS\amd64_microsoft.windows.common-controls_6595b64144ccf1df_6.0.19041.1110_none_60b5254171f9507e;C:\Program Files\Java\jdk-18.0.1.1\bin\server;C:\Program Files\$RM3IM9A\IntelliJ IDEA 2022.1.3\bin

VM Arguments:
jvm_args: -XX:TieredStopAtLevel=1 -Xverify:none -Dspring.output.ansi.enabled=always -Dcom.sun.management.jmxremote -Dspring.jmx.enabled=true -Dspring.liveBeansView.mbeanDomain -Dspring.application.admin.enabled=true -javaagent:C:\Program Files\$RM3IM9A\IntelliJ IDEA 2022.1.3\lib\idea_rt.jar=64682:C:\Program Files\$RM3IM9A\IntelliJ IDEA 2022.1.3\bin -Dfile.encoding=UTF-8 
java_command: ch.zli.gameapi.GameapiApplication
java_class_path (initial): E:\gameapi\target\classes;C:\Users\admin\.m2\repository\org\springframework\boot\spring-boot-starter-data-jpa\2.7.1\spring-boot-starter-data-jpa-2.7.1.jar;C:\Users\admin\.m2\repository\org\springframework\boot\spring-boot-starter-aop\2.7.1\spring-boot-starter-aop-2.7.1.jar;C:\Users\admin\.m2\repository\org\aspectj\aspectjweaver\1.9.7\aspectjweaver-1.9.7.jar;C:\Users\admin\.m2\repository\org\springframework\boot\spring-boot-starter-jdbc\2.7.1\spring-boot-starter-jdbc-2.7.1.jar;C:\Users\admin\.m2\repository\com\zaxxer\HikariCP\4.0.3\HikariCP-4.0.3.jar;C:\Users\admin\.m2\repository\org\springframework\spring-jdbc\5.3.21\spring-jdbc-5.3.21.jar;C:\Users\admin\.m2\repository\jakarta\transaction\jakarta.transaction-api\1.3.3\jakarta.transaction-api-1.3.3.jar;C:\Users\admin\.m2\repository\jakarta\persistence\jakarta.persistence-api\2.2.3\jakarta.persistence-api-2.2.3.jar;C:\Users\admin\.m2\repository\org\hibernate\hibernate-core\5.6.9.Final\hibernate-core-5.6.9.Final.jar;C:\Users\admin\.m2\repository\org\jboss\logging\jboss-logging\3.4.3.Final\jboss-logging-3.4.3.Final.jar;C:\Users\admin\.m2\repository\net\bytebuddy\byte-buddy\1.12.11\byte-buddy-1.12.11.jar;C:\Users\admin\.m2\repository\antlr\antlr\2.7.7\antlr-2.7.7.jar;C:\Users\admin\.m2\repository\org\jboss\jandex\2.4.2.Final\jandex-2.4.2.Final.jar;C:\Users\admin\.m2\repository\com\fasterxml\classmate\1.5.1\classmate-1.5.1.jar;C:\Users\admin\.m2\repository\org\hibernate\common\hibernate-commons-annotations\5.1.2.Final\hibernate-commons-annotations-5.1.2.Final.jar;C:\Users\admin\.m2\repository\org\glassfish\jaxb\jaxb-runtime\2.3.6\jaxb-runtime-2.3.6.jar;C:\Users\admin\.m2\repository\org\glassfish\jaxb\txw2\2.3.6\txw2-2.3.6.jar;C:\Users\admin\.m2\repository\com\sun\istack\istack-commons-runtime\3.0.12\istack-commons-runtime-3.0.12.jar;C:\Users\admin\.m2\repository\com\sun\activation\jakarta.activation\1.2.2\jakarta.activation-1.2.2.jar;C:\Users\admin\.m2\repository\org\springframework\data\spring-data-jpa\2.7.1\spring-data-jpa-2.7.1.jar;C:\Users\admin\.m2\repository\org\springframework\data\spring-data-commons\2.7.1\spring-data-commons-2.7.1.jar;C:\Users\admin\.m2\repository\org\springframework\spring-orm\5.3.21\spring-orm-5.3.21.jar;C:\Users\admin\.m2\repository\org\springframework\spring-context\5.3.21\spring-context-5.3.21.jar;C:\Users\admin\.m2\repository\org\springframework\spring-tx\5.3.21\spring-tx-5.3.21.jar;C:\Users\admin\.m2\repository\org\springframework\spring-beans\5.3.21\spring-beans-5.3.21.jar;C:\Users\admin\.m2\repository\org\slf4j\slf4j-api\1.7.36\slf4j-api-1.7.36.jar;C:\Users\admin\.m2\repository\org\springframework\spring-aspects\5.3.21\spring-aspects-5.3.21.jar;C:\Users\admin\.m2\repository\org\springframework\boot\spring-boot-starter-security\2.7.1\spring-boot-starter-security-2.7.1.jar;C:\Users\admin\.m2\repository\org\springframework\boot\spring-boot-starter\2.7.1\spring-boot-starter-2.7.1.jar;C:\Users\admin\.m2\repository\org\springframework\boot\spring-boot-starter-logging\2.7.1\spring-boot-starter-logging-2.7.1.jar;C:\Users\admin\.m2\repository\ch\qos\logback\logback-classic\1.2.11\logback-classic-1.2.11.jar;C:\Users\admin\.m2\repository\ch\qos\logback\logback-core\1.2.11\logback-core-1.2.11.jar;C:\Users\admin\.m2\repository\org\apache\logging\log4j\log4j-to-slf4j\2.17.2\log4j-to-slf4j-2.17.2.jar;C:\Users\admin\.m2\repository\org\apache\logging\log4j\log4j-api\2.17.2\log4j-api-2.17.2.jar;C:\Users\admin\.m2\repository\org\slf4j\jul-to-slf4j\1.7.36\jul-to-slf4j-1.7.36.jar;C:\Users\admin\.m2\repository\jakarta\annotation\jakarta.annotation-api\1.3.5\jakarta.annotation-api-1.3.5.jar;C:\Users\admin\.m2\repository\org\yaml\snakeyaml\1.30\snakeyaml-1.30.jar;C:\Users\admin\.m2\repository\org\springframework\spring-aop\5.3.21\spring-aop-5.3.21.jar;C:\Users\admin\.m2\repository\org\springframework\security\spring-security-config\5.7.2\spring-security-config-5.7.2.jar;C:\Users\admin\.m2\repository\org\springframework\security\spring-security-web\5.7.2\spring-security-web-5.7.2.jar;C:\Users\admin\.m2\repository\org\springframework\spring-expression\5.3.21\spring-expression-5.3.21.jar;C:\Users\admin\.m2\repository\org\springframework\boot\spring-boot-starter-web\2.7.1\spring-boot-starter-web-2.7.1.jar;C:\Users\admin\.m2\repository\org\springframework\boot\spring-boot-starter-json\2.7.1\spring-boot-starter-json-2.7.1.jar;C:\Users\admin\.m2\repository\com\fasterxml\jackson\datatype\jackson-datatype-jdk8\2.13.3\jackson-datatype-jdk8-2.13.3.jar;C:\Users\admin\.m2\repository\com\fasterxml\jackson\datatype\jackson-datatype-jsr310\2.13.3\jackson-datatype-jsr310-2.13.3.jar;C:\Users\admin\.m2\repository\com\fasterxml\jackson\module\jackson-module-parameter-names\2.13.3\jackson-module-parameter-names-2.13.3.jar;C:\Users\admin\.m2\repository\org\springframework\boot\spring-boot-starter-tomcat\2.7.1\spring-boot-starter-tomcat-2.7.1.jar;C:\Users\admin\.m2\repository\org\apache\tomcat\embed\tomcat-embed-core\9.0.64\tomcat-embed-core-9.0.64.jar;C:\Users\admin\.m2\repository\org\apache\tomcat\embed\tomcat-embed-el\9.0.64\tomcat-embed-el-9.0.64.jar;C:\Users\admin\.m2\repository\org\apache\tomcat\embed\tomcat-embed-websocket\9.0.64\tomcat-embed-websocket-9.0.64.jar;C:\Users\admin\.m2\repository\org\springframework\spring-web\5.3.21\spring-web-5.3.21.jar;C:\Users\admin\.m2\repository\org\springframework\spring-webmvc\5.3.21\spring-webmvc-5.3.21.jar;C:\Users\admin\.m2\repository\com\auth0\java-jwt\3.18.2\java-jwt-3.18.2.jar;C:\Users\admin\.m2\repository\com\fasterxml\jackson\core\jackson-databind\2.13.3\jackson-databind-2.13.3.jar;C:\Users\admin\.m2\repository\com\fasterxml\jackson\core\jackson-annotations\2.13.3\jackson-annotations-2.13.3.jar;C:\Users\admin\.m2\repository\com\fasterxml\jackson\core\jackson-core\2.13.3\jackson-core-2.13.3.jar;C:\Users\admin\.m2\repository\javax\xml\bind\jaxb-api\2.3.0\jaxb-api-2.3.0.jar;C:\Users\admin\.m2\repository\org\springframework\boot\spring-boot-devtools\2.7.1\spring-boot-devtools-2.7.1.jar;C:\Users\admin\.m2\repository\org\springframework\boot\spring-boot\2.7.1\spring-boot-2.7.1.jar;C:\Users\admin\.m2\repository\org\springframework\boot\spring-boot-autoconfigure\2.7.1\spring-boot-autoconfigure-2.7.1.jar;C:\Users\admin\.m2\repository\com\h2database\h2\2.1.214\h2-2.1.214.jar;C:\Users\admin\.m2\repository\mysql\mysql-connector-java\8.0.29\mysql-connector-java-8.0.29.jar;C:\Users\admin\.m2\repository\jakarta\xml\bind\jakarta.xml.bind-api\2.3.3\jakarta.xml.bind-api-2.3.3.jar;C:\Users\admin\.m2\repository\jakarta\activation\jakarta.activation-api\1.2.2\jakarta.activation-api-1.2.2.jar;C:\Users\admin\.m2\repository\org\springframework\spring-core\5.3.21\spring-core-5.3.21.jar;C:\Users\admin\.m2\repository\org\springframework\spring-jcl\5.3.21\spring-jcl-5.3.21.jar;C:\Users\admin\.m2\repository\org\springframework\security\spring-security-core\5.7.2\spring-security-core-5.7.2.jar;C:\Users\admin\.m2\repository\org\springframework\security\spring-security-crypto\5.7.2\spring-security-crypto-5.7.2.jar
Launcher Type: SUN_STANDARD

[Global flags]
     intx CICompilerCount                          = 4                                         {product} {ergonomic}
     uint ConcGCThreads                            = 2                                         {product} {ergonomic}
     uint G1ConcRefinementThreads                  = 8                                         {product} {ergonomic}
   size_t G1HeapRegionSize                         = 2097152                                   {product} {ergonomic}
    uintx GCDrainStackTargetSize                   = 64                                        {product} {ergonomic}
   size_t InitialHeapSize                          = 148897792                                 {product} {ergonomic}
     bool ManagementServer                         = true                                      {product} {command line}
   size_t MarkStackSize                            = 4194304                                   {product} {ergonomic}
   size_t MaxHeapSize                              = 2359296000                                {product} {ergonomic}
   size_t MaxNewSize                               = 1415577600                                {product} {ergonomic}
   size_t MinHeapDeltaBytes                        = 2097152                                   {product} {ergonomic}
   size_t MinHeapSize                              = 8388608                                   {product} {ergonomic}
    uintx NonProfiledCodeHeapSize                  = 0                                      {pd product} {ergonomic}
     bool ProfileInterpreter                       = false                                  {pd product} {command line}
    uintx ProfiledCodeHeapSize                     = 0                                      {pd product} {ergonomic}
   size_t SoftMaxHeapSize                          = 2359296000                             {manageable} {ergonomic}
     intx TieredStopAtLevel                        = 1                                         {product} {command line}
     bool UseCompressedClassPointers               = true                           {product lp64_product} {ergonomic}
     bool UseCompressedOops                        = true                           {product lp64_product} {ergonomic}
     bool UseG1GC                                  = true                                      {product} {ergonomic}
     bool UseLargePagesIndividualAllocation        = false                                  {pd product} {ergonomic}

Logging:
Log output configuration:
 #0: stdout all=warning uptime,level,tags foldmultilines=false
 #1: stderr all=off uptime,level,tags foldmultilines=false

Environment Variables:
PATH=C:\Program Files\Common Files\Oracle\Java\javapath;C:\Program Files (x86)\Common Files\Oracle\Java\javapath;C:\ProgramData\Oracle\Java\javapath;C:\WINDOWS\system32;C:\WINDOWS;C:\WINDOWS\System32\Wbem;C:\WINDOWS\System32\WindowsPowerShell\v1.0\;C:\WINDOWS\System32\OpenSSH\;C:\Program Files\Git\cmd;C:\Program Files\Docker\Docker\resources\bin;C:\ProgramData\DockerDesktop\version-bin;C:\Program Files\nodejs\;C:\Users\admin\AppData\Local\Microsoft\WindowsApps;C:\Users\admin\AppData\Roaming\npm;C:\Users\admin\AppData\Local\Programs\Microsoft VS Code\bin
USERNAME=admin
OS=Windows_NT
PROCESSOR_IDENTIFIER=Intel64 Family 6 Model 158 Stepping 10, GenuineIntel



---------------  S Y S T E M  ---------------

OS:
 Windows 10 , 64 bit Build 19041 (10.0.19041.1741)
OS uptime: 0 days 20:09 hours
Hyper-V role detected

CPU: total 8 (initial active 8) (4 cores per cpu, 1 threads per core) family 6 model 158 stepping 10 microcode 0xe8, cx8, cmov, fxsr, mmx, 3dnowpref, sse, sse2, sse3, ssse3, sse4.1, sse4.2, popcnt, lzcnt, tsc, tscinvbit, avx, avx2, aes, erms, clmul, bmi1, bmi2, adx, fma, vzeroupper, clflush, clflushopt, hv

Memory: 4k page, system-wide physical 8999M (873M free)
TotalPageFile size 15324M (AvailPageFile size 4M)
current process WorkingSet (physical memory assigned to process): 51M, peak: 51M
current process commit charge ("private bytes"): 229M, peak: 229M

vm_info: Java HotSpot(TM) 64-Bit Server VM (18.0.1.1+2-6) for windows-amd64 JRE (18.0.1.1+2-6), built on Apr 25 2022 21:53:15 by "mach5one" with MS VC++ 16.8 / 16.9 (VS2019)

END.
